  Allegro5Exception.cpp
  AudioHelper.cpp
  Bomb.cpp
  BombEffect.cpp
  Bullet.cpp
  Collider.cpp
  DirtyEffect.cpp
  Enemy.cpp
  ExplosionEffect.cpp
  FireBullet.cpp
  GameEngine.cpp
  GamePlayScene.cpp
  Group.cpp
  Ice.cpp
  IceEffect.cpp
  IControl.cpp
  Image.cpp
  ImageButton.cpp
  IObject.cpp
  IScene.cpp
  正在產生程式碼...
  正在編譯...
  Label.cpp
  LaserBullet.cpp
  LaserTurret.cpp
  LOG.cpp
  LoseScene.cpp
  MachineGunTurret.cpp
  main.cpp
  MissileBullet.cpp
C:\Users\user\Desktop\大一下\程設二\FinalProject\FinalProject\GamePlayScene.cpp(250,17): warning C4930:  'Engine::Sprite sprite(void)': 未呼叫原型函式 (是否呼叫的是變數定義?
  MissileTurret.cpp
  P1WinScene.cpp
  P2WinScene.cpp
  Plane.cpp
  PlaneEnemy.cpp
  Player1.cpp
  Player2.cpp
  PlayerSelectScene.cpp
  PlayerSelectScene2.cpp
  PlayScene.cpp
C:\Program Files (x86)\Microsoft Visual Studio\2019\Community\VC\Tools\MSVC\14.21.27702\include\xtgmath.h(22,43): warning C4244:  '=': 將 'double' 轉換為 'float'，由於類型不同，可能導致資料遺失
  PlugGunTurret.cpp
  Point.cpp
  正在產生程式碼...
  正在編譯...
  RedNormalEnemy.cpp
  Resources.cpp
  rocket_bullet.cpp
  rocket_turret.cpp
  Shoes.cpp
  Slider.cpp
  SoldierEnemy.cpp
  soldier_4_enemy.cpp
  SpellRange.cpp
  Sprite.cpp
  StageSelectScene.cpp
  StartScene.cpp
  start_scene.cpp
  TankEnemy.cpp
  Thunder.cpp
  Turret.cpp
  TurretButton.cpp
  WinScene.cpp
  WoodBullet.cpp
  正在產生程式碼...
C:\Users\user\Desktop\大一下\程設二\FinalProject\FinalProject\PlayScene.cpp(518,17): warning C4930:  'Engine::Sprite sprite(void)': 未呼叫原型函式 (是否呼叫的是變數定義?
  FinalProject.vcxproj -> C:\Users\user\Desktop\大一下\程設二\FinalProject\Debug\FinalProject.exe
